<?xml version="1.0" encoding="UTF-8"?>
<!-- Generated by org.testng.reporters.JUnitXMLReporter -->
<testsuite hostname="LAPTOP-B06QBC23" ignored="8" name="Test" tests="5" failures="0" timestamp="2022-05-22T20:26:08 EET" time="134.388" errors="0">
  <testcase name="readdata" time="0.601" classname="Test.Readata"/>
  <testcase name="verification" time="7.611" classname="Test.ContactUsTest"/>
  <testcase name="leadersection" time="36.429" classname="Test.CompanyTest"/>
  <testcase name="Careers" time="54.312" classname="Test.CareerTest"/>
  <testcase name="CareersSofia" time="35.413" classname="Test.CareerListTest"/>
  <testcase name="@BeforeSuite StartDriver" time="0.0" classname="Test.TestBase">
    <ignored/>
  </testcase> <!-- @BeforeSuite StartDriver -->
  <testcase name="@AfterSuite StopDriver" time="0.0" classname="Test.TestBase">
    <ignored/>
  </testcase> <!-- @AfterSuite StopDriver -->
  <testcase name="@BeforeSuite StartDriver" time="0.0" classname="Test.TestBase">
    <ignored/>
  </testcase> <!-- @BeforeSuite StartDriver -->
  <testcase name="@AfterSuite StopDriver" time="0.0" classname="Test.TestBase">
    <ignored/>
  </testcase> <!-- @AfterSuite StopDriver -->
  <testcase name="@BeforeSuite StartDriver" time="0.0" classname="Test.TestBase">
    <ignored/>
  </testcase> <!-- @BeforeSuite StartDriver -->
  <testcase name="@BeforeSuite StartDriver" time="0.0" classname="Test.TestBase">
    <ignored/>
  </testcase> <!-- @BeforeSuite StartDriver -->
  <testcase name="@AfterSuite StopDriver" time="0.0" classname="Test.TestBase">
    <ignored/>
  </testcase> <!-- @AfterSuite StopDriver -->
  <testcase name="@AfterSuite StopDriver" time="0.0" classname="Test.TestBase">
    <ignored/>
  </testcase> <!-- @AfterSuite StopDriver -->
</testsuite> <!-- Test -->
