<?xml version="1.0" encoding="UTF-8"?>
<!-- Generated by org.testng.reporters.JUnitXMLReporter -->
<testsuite hostname="LAPTOP-B06QBC23" ignored="6" name="Test" tests="4" failures="0" timestamp="2022-05-22T13:45:44 EET" time="93.477" errors="0">
  <testcase name="readdata" time="0.732" classname="Test.Readata"/>
  <testcase name="verification" time="7.537" classname="Test.ContactUsTest"/>
  <testcase name="leadersection" time="38.164" classname="Test.CompanyTest"/>
  <testcase name="Careers" time="47.02" classname="Test.CareerTest"/>
  <testcase name="@BeforeSuite StartDriver" time="0.0" classname="Test.TestBase">
    <ignored/>
  </testcase> <!-- @BeforeSuite StartDriver -->
  <testcase name="@AfterSuite StopDriver" time="0.0" classname="Test.TestBase">
    <ignored/>
  </testcase> <!-- @AfterSuite StopDriver -->
  <testcase name="@BeforeSuite StartDriver" time="0.0" classname="Test.TestBase">
    <ignored/>
  </testcase> <!-- @BeforeSuite StartDriver -->
  <testcase name="@AfterSuite StopDriver" time="0.0" classname="Test.TestBase">
    <ignored/>
  </testcase> <!-- @AfterSuite StopDriver -->
  <testcase name="@AfterSuite StopDriver" time="0.0" classname="Test.TestBase">
    <ignored/>
  </testcase> <!-- @AfterSuite StopDriver -->
  <testcase name="@BeforeSuite StartDriver" time="0.0" classname="Test.TestBase">
    <ignored/>
  </testcase> <!-- @BeforeSuite StartDriver -->
</testsuite> <!-- Test -->
