<?xml version="1.0" encoding="UTF-8"?>
<testng-results skipped="0" failed="0" ignored="8" total="13" passed="5">
  <reporter-output>
  </reporter-output>
  <suite name="Suite" duration-ms="134388" started-at="2022-05-22T20:23:54 EET" finished-at="2022-05-22T20:26:08 EET">
    <groups>
    </groups>
    <test name="Test" duration-ms="134388" started-at="2022-05-22T20:23:54 EET" finished-at="2022-05-22T20:26:08 EET">
      <class name="Test.CareerTest">
        <test-method status="PASS" signature="Careers()[pri:4, instance:Test.CareerTest@4ae82894]" name="Careers" duration-ms="54312" started-at="2022-05-22T20:24:38 EET" finished-at="2022-05-22T20:25:33 EET">
          <reporter-output>
          </reporter-output>
        </test-method> <!-- Careers -->
      </class> <!-- Test.CareerTest -->
      <class name="Test.CompanyTest">
        <test-method status="PASS" signature="leadersection()[pri:3, instance:Test.CompanyTest@4516af24]" name="leadersection" duration-ms="36429" started-at="2022-05-22T20:24:02 EET" finished-at="2022-05-22T20:24:38 EET">
          <reporter-output>
          </reporter-output>
        </test-method> <!-- leadersection -->
      </class> <!-- Test.CompanyTest -->
      <class name="Test.Readata">
        <test-method status="PASS" signature="StartDriver()[pri:0, instance:Test.Readata@52525845]" name="StartDriver" is-config="true" duration-ms="19882" started-at="2022-05-22T20:23:34 EET" finished-at="2022-05-22T20:23:54 EET">
          <reporter-output>
          </reporter-output>
        </test-method> <!-- StartDriver -->
        <test-method status="PASS" signature="readdata()[pri:1, instance:Test.Readata@52525845]" name="readdata" duration-ms="601" started-at="2022-05-22T20:23:54 EET" finished-at="2022-05-22T20:23:54 EET">
          <reporter-output>
          </reporter-output>
        </test-method> <!-- readdata -->
        <test-method status="PASS" signature="StopDriver()[pri:0, instance:Test.Readata@52525845]" name="StopDriver" is-config="true" duration-ms="618" started-at="2022-05-22T20:26:08 EET" finished-at="2022-05-22T20:26:09 EET">
          <reporter-output>
          </reporter-output>
        </test-method> <!-- StopDriver -->
      </class> <!-- Test.Readata -->
      <class name="Test.CareerListTest">
        <test-method status="PASS" signature="CareersSofia()[pri:5, instance:Test.CareerListTest@543788f3]" name="CareersSofia" duration-ms="35413" started-at="2022-05-22T20:25:33 EET" finished-at="2022-05-22T20:26:08 EET">
          <reporter-output>
          </reporter-output>
        </test-method> <!-- CareersSofia -->
      </class> <!-- Test.CareerListTest -->
      <class name="Test.ContactUsTest">
        <test-method status="PASS" signature="verification()[pri:2, instance:Test.ContactUsTest@587c290d]" name="verification" duration-ms="7611" started-at="2022-05-22T20:23:54 EET" finished-at="2022-05-22T20:24:02 EET">
          <reporter-output>
          </reporter-output>
        </test-method> <!-- verification -->
      </class> <!-- Test.ContactUsTest -->
    </test> <!-- Test -->
  </suite> <!-- Suite -->
</testng-results>
